CRITICAL - 2022-04-27 22:40:55 --> Undefined variable $i
#0 E:\SEMESTER 6\Web Framework\uts\uts_web_framework\app\Views\product.php(21): CodeIgniter\Debug\Exceptions->errorHandler(2, 'Undefined varia...', 'E:\\SEMESTER 6\\W...', 21)
#1 E:\SEMESTER 6\Web Framework\uts\uts_web_framework\vendor\codeigniter4\framework\system\View\View.php(210): include('E:\\SEMESTER 6\\W...')
#2 E:\SEMESTER 6\Web Framework\uts\uts_web_framework\vendor\codeigniter4\framework\system\View\View.php(213): CodeIgniter\View\View->CodeIgniter\View\{closure}()
#3 E:\SEMESTER 6\Web Framework\uts\uts_web_framework\vendor\codeigniter4\framework\system\Common.php(1089): CodeIgniter\View\View->render('product', Array, true)
#4 E:\SEMESTER 6\Web Framework\uts\uts_web_framework\app\Controllers\Product.php(21): view('product', Array)
#5 E:\SEMESTER 6\Web Framework\uts\uts_web_framework\vendor\codeigniter4\framework\system\CodeIgniter.php(832): App\Controllers\Product->index()
#6 E:\SEMESTER 6\Web Framework\uts\uts_web_framework\vendor\codeigniter4\framework\system\CodeIgniter.php(419): CodeIgniter\CodeIgniter->runController(Object(App\Controllers\Product))
#7 E:\SEMESTER 6\Web Framework\uts\uts_web_framework\vendor\codeigniter4\framework\system\CodeIgniter.php(326): CodeIgniter\CodeIgniter->handleRequest(NULL, Object(Config\Cache), false)
#8 E:\SEMESTER 6\Web Framework\uts\uts_web_framework\public\index.php(37): CodeIgniter\CodeIgniter->run()
#9 E:\SEMESTER 6\Web Framework\uts\uts_web_framework\vendor\codeigniter4\framework\system\Commands\Server\rewrite.php(43): require_once('E:\\SEMESTER 6\\W...')
#10 {main}
CRITICAL - 2022-04-27 22:41:25 --> Array to string conversion
#0 E:\SEMESTER 6\Web Framework\uts\uts_web_framework\app\Views\product.php(21): CodeIgniter\Debug\Exceptions->errorHandler(2, 'Array to string...', 'E:\\SEMESTER 6\\W...', 21)
#1 E:\SEMESTER 6\Web Framework\uts\uts_web_framework\vendor\codeigniter4\framework\system\View\View.php(210): include('E:\\SEMESTER 6\\W...')
#2 E:\SEMESTER 6\Web Framework\uts\uts_web_framework\vendor\codeigniter4\framework\system\View\View.php(213): CodeIgniter\View\View->CodeIgniter\View\{closure}()
#3 E:\SEMESTER 6\Web Framework\uts\uts_web_framework\vendor\codeigniter4\framework\system\Common.php(1089): CodeIgniter\View\View->render('product', Array, true)
#4 E:\SEMESTER 6\Web Framework\uts\uts_web_framework\app\Controllers\Product.php(21): view('product', Array)
#5 E:\SEMESTER 6\Web Framework\uts\uts_web_framework\vendor\codeigniter4\framework\system\CodeIgniter.php(832): App\Controllers\Product->index()
#6 E:\SEMESTER 6\Web Framework\uts\uts_web_framework\vendor\codeigniter4\framework\system\CodeIgniter.php(419): CodeIgniter\CodeIgniter->runController(Object(App\Controllers\Product))
#7 E:\SEMESTER 6\Web Framework\uts\uts_web_framework\vendor\codeigniter4\framework\system\CodeIgniter.php(326): CodeIgniter\CodeIgniter->handleRequest(NULL, Object(Config\Cache), false)
#8 E:\SEMESTER 6\Web Framework\uts\uts_web_framework\public\index.php(37): CodeIgniter\CodeIgniter->run()
#9 E:\SEMESTER 6\Web Framework\uts\uts_web_framework\vendor\codeigniter4\framework\system\Commands\Server\rewrite.php(43): require_once('E:\\SEMESTER 6\\W...')
#10 {main}
CRITICAL - 2022-04-27 22:42:21 --> Undefined array key "nama"
#0 E:\SEMESTER 6\Web Framework\uts\uts_web_framework\app\Views\product.php(21): CodeIgniter\Debug\Exceptions->errorHandler(2, 'Undefined array...', 'E:\\SEMESTER 6\\W...', 21)
#1 E:\SEMESTER 6\Web Framework\uts\uts_web_framework\vendor\codeigniter4\framework\system\View\View.php(210): include('E:\\SEMESTER 6\\W...')
#2 E:\SEMESTER 6\Web Framework\uts\uts_web_framework\vendor\codeigniter4\framework\system\View\View.php(213): CodeIgniter\View\View->CodeIgniter\View\{closure}()
#3 E:\SEMESTER 6\Web Framework\uts\uts_web_framework\vendor\codeigniter4\framework\system\Common.php(1089): CodeIgniter\View\View->render('product', Array, true)
#4 E:\SEMESTER 6\Web Framework\uts\uts_web_framework\app\Controllers\Product.php(21): view('product', Array)
#5 E:\SEMESTER 6\Web Framework\uts\uts_web_framework\vendor\codeigniter4\framework\system\CodeIgniter.php(832): App\Controllers\Product->index()
#6 E:\SEMESTER 6\Web Framework\uts\uts_web_framework\vendor\codeigniter4\framework\system\CodeIgniter.php(419): CodeIgniter\CodeIgniter->runController(Object(App\Controllers\Product))
#7 E:\SEMESTER 6\Web Framework\uts\uts_web_framework\vendor\codeigniter4\framework\system\CodeIgniter.php(326): CodeIgniter\CodeIgniter->handleRequest(NULL, Object(Config\Cache), false)
#8 E:\SEMESTER 6\Web Framework\uts\uts_web_framework\public\index.php(37): CodeIgniter\CodeIgniter->run()
#9 E:\SEMESTER 6\Web Framework\uts\uts_web_framework\vendor\codeigniter4\framework\system\Commands\Server\rewrite.php(43): require_once('E:\\SEMESTER 6\\W...')
#10 {main}
CRITICAL - 2022-04-27 22:44:15 --> Undefined array key "nama"
#0 E:\SEMESTER 6\Web Framework\uts\uts_web_framework\app\Views\product.php(21): CodeIgniter\Debug\Exceptions->errorHandler(2, 'Undefined array...', 'E:\\SEMESTER 6\\W...', 21)
#1 E:\SEMESTER 6\Web Framework\uts\uts_web_framework\vendor\codeigniter4\framework\system\View\View.php(210): include('E:\\SEMESTER 6\\W...')
#2 E:\SEMESTER 6\Web Framework\uts\uts_web_framework\vendor\codeigniter4\framework\system\View\View.php(213): CodeIgniter\View\View->CodeIgniter\View\{closure}()
#3 E:\SEMESTER 6\Web Framework\uts\uts_web_framework\vendor\codeigniter4\framework\system\Common.php(1089): CodeIgniter\View\View->render('product', Array, true)
#4 E:\SEMESTER 6\Web Framework\uts\uts_web_framework\app\Controllers\Product.php(21): view('product', Array)
#5 E:\SEMESTER 6\Web Framework\uts\uts_web_framework\vendor\codeigniter4\framework\system\CodeIgniter.php(832): App\Controllers\Product->index()
#6 E:\SEMESTER 6\Web Framework\uts\uts_web_framework\vendor\codeigniter4\framework\system\CodeIgniter.php(419): CodeIgniter\CodeIgniter->runController(Object(App\Controllers\Product))
#7 E:\SEMESTER 6\Web Framework\uts\uts_web_framework\vendor\codeigniter4\framework\system\CodeIgniter.php(326): CodeIgniter\CodeIgniter->handleRequest(NULL, Object(Config\Cache), false)
#8 E:\SEMESTER 6\Web Framework\uts\uts_web_framework\public\index.php(37): CodeIgniter\CodeIgniter->run()
#9 E:\SEMESTER 6\Web Framework\uts\uts_web_framework\vendor\codeigniter4\framework\system\Commands\Server\rewrite.php(43): require_once('E:\\SEMESTER 6\\W...')
#10 {main}
CRITICAL - 2022-04-27 22:44:25 --> Undefined array key "nama"
#0 E:\SEMESTER 6\Web Framework\uts\uts_web_framework\app\Views\product.php(27): CodeIgniter\Debug\Exceptions->errorHandler(2, 'Undefined array...', 'E:\\SEMESTER 6\\W...', 27)
#1 E:\SEMESTER 6\Web Framework\uts\uts_web_framework\vendor\codeigniter4\framework\system\View\View.php(210): include('E:\\SEMESTER 6\\W...')
#2 E:\SEMESTER 6\Web Framework\uts\uts_web_framework\vendor\codeigniter4\framework\system\View\View.php(213): CodeIgniter\View\View->CodeIgniter\View\{closure}()
#3 E:\SEMESTER 6\Web Framework\uts\uts_web_framework\vendor\codeigniter4\framework\system\Common.php(1089): CodeIgniter\View\View->render('product', Array, true)
#4 E:\SEMESTER 6\Web Framework\uts\uts_web_framework\app\Controllers\Product.php(21): view('product', Array)
#5 E:\SEMESTER 6\Web Framework\uts\uts_web_framework\vendor\codeigniter4\framework\system\CodeIgniter.php(832): App\Controllers\Product->index()
#6 E:\SEMESTER 6\Web Framework\uts\uts_web_framework\vendor\codeigniter4\framework\system\CodeIgniter.php(419): CodeIgniter\CodeIgniter->runController(Object(App\Controllers\Product))
#7 E:\SEMESTER 6\Web Framework\uts\uts_web_framework\vendor\codeigniter4\framework\system\CodeIgniter.php(326): CodeIgniter\CodeIgniter->handleRequest(NULL, Object(Config\Cache), false)
#8 E:\SEMESTER 6\Web Framework\uts\uts_web_framework\public\index.php(37): CodeIgniter\CodeIgniter->run()
#9 E:\SEMESTER 6\Web Framework\uts\uts_web_framework\vendor\codeigniter4\framework\system\Commands\Server\rewrite.php(43): require_once('E:\\SEMESTER 6\\W...')
#10 {main}
CRITICAL - 2022-04-27 22:45:07 --> Undefined array key "nama"
#0 E:\SEMESTER 6\Web Framework\uts\uts_web_framework\app\Views\product.php(21): CodeIgniter\Debug\Exceptions->errorHandler(2, 'Undefined array...', 'E:\\SEMESTER 6\\W...', 21)
#1 E:\SEMESTER 6\Web Framework\uts\uts_web_framework\vendor\codeigniter4\framework\system\View\View.php(210): include('E:\\SEMESTER 6\\W...')
#2 E:\SEMESTER 6\Web Framework\uts\uts_web_framework\vendor\codeigniter4\framework\system\View\View.php(213): CodeIgniter\View\View->CodeIgniter\View\{closure}()
#3 E:\SEMESTER 6\Web Framework\uts\uts_web_framework\vendor\codeigniter4\framework\system\Common.php(1089): CodeIgniter\View\View->render('product', Array, true)
#4 E:\SEMESTER 6\Web Framework\uts\uts_web_framework\app\Controllers\Product.php(21): view('product', Array)
#5 E:\SEMESTER 6\Web Framework\uts\uts_web_framework\vendor\codeigniter4\framework\system\CodeIgniter.php(832): App\Controllers\Product->index()
#6 E:\SEMESTER 6\Web Framework\uts\uts_web_framework\vendor\codeigniter4\framework\system\CodeIgniter.php(419): CodeIgniter\CodeIgniter->runController(Object(App\Controllers\Product))
#7 E:\SEMESTER 6\Web Framework\uts\uts_web_framework\vendor\codeigniter4\framework\system\CodeIgniter.php(326): CodeIgniter\CodeIgniter->handleRequest(NULL, Object(Config\Cache), false)
#8 E:\SEMESTER 6\Web Framework\uts\uts_web_framework\public\index.php(37): CodeIgniter\CodeIgniter->run()
#9 E:\SEMESTER 6\Web Framework\uts\uts_web_framework\vendor\codeigniter4\framework\system\Commands\Server\rewrite.php(43): require_once('E:\\SEMESTER 6\\W...')
#10 {main}
CRITICAL - 2022-04-27 23:39:31 --> Trying to access array offset on value of type null
#0 E:\SEMESTER 6\Web Framework\uts\uts_web_framework\app\Views\detail.php(11): CodeIgniter\Debug\Exceptions->errorHandler(2, 'Trying to acces...', 'E:\\SEMESTER 6\\W...', 11)
#1 E:\SEMESTER 6\Web Framework\uts\uts_web_framework\vendor\codeigniter4\framework\system\View\View.php(210): include('E:\\SEMESTER 6\\W...')
#2 E:\SEMESTER 6\Web Framework\uts\uts_web_framework\vendor\codeigniter4\framework\system\View\View.php(213): CodeIgniter\View\View->CodeIgniter\View\{closure}()
#3 E:\SEMESTER 6\Web Framework\uts\uts_web_framework\vendor\codeigniter4\framework\system\Common.php(1089): CodeIgniter\View\View->render('detail', Array, true)
#4 E:\SEMESTER 6\Web Framework\uts\uts_web_framework\app\Controllers\Product.php(29): view('detail', Array)
#5 E:\SEMESTER 6\Web Framework\uts\uts_web_framework\vendor\codeigniter4\framework\system\CodeIgniter.php(832): App\Controllers\Product->detail('soft-ui', 'assets', 'css', 'nucleo-icons.cs...')
#6 E:\SEMESTER 6\Web Framework\uts\uts_web_framework\vendor\codeigniter4\framework\system\CodeIgniter.php(419): CodeIgniter\CodeIgniter->runController(Object(App\Controllers\Product))
#7 E:\SEMESTER 6\Web Framework\uts\uts_web_framework\vendor\codeigniter4\framework\system\CodeIgniter.php(326): CodeIgniter\CodeIgniter->handleRequest(NULL, Object(Config\Cache), false)
#8 E:\SEMESTER 6\Web Framework\uts\uts_web_framework\public\index.php(37): CodeIgniter\CodeIgniter->run()
#9 E:\SEMESTER 6\Web Framework\uts\uts_web_framework\vendor\codeigniter4\framework\system\Commands\Server\rewrite.php(43): require_once('E:\\SEMESTER 6\\W...')
#10 {main}
CRITICAL - 2022-04-27 23:39:32 --> Trying to access array offset on value of type null
#0 E:\SEMESTER 6\Web Framework\uts\uts_web_framework\app\Views\detail.php(11): CodeIgniter\Debug\Exceptions->errorHandler(2, 'Trying to acces...', 'E:\\SEMESTER 6\\W...', 11)
#1 E:\SEMESTER 6\Web Framework\uts\uts_web_framework\vendor\codeigniter4\framework\system\View\View.php(210): include('E:\\SEMESTER 6\\W...')
#2 E:\SEMESTER 6\Web Framework\uts\uts_web_framework\vendor\codeigniter4\framework\system\View\View.php(213): CodeIgniter\View\View->CodeIgniter\View\{closure}()
#3 E:\SEMESTER 6\Web Framework\uts\uts_web_framework\vendor\codeigniter4\framework\system\Common.php(1089): CodeIgniter\View\View->render('detail', Array, true)
#4 E:\SEMESTER 6\Web Framework\uts\uts_web_framework\app\Controllers\Product.php(29): view('detail', Array)
#5 E:\SEMESTER 6\Web Framework\uts\uts_web_framework\vendor\codeigniter4\framework\system\CodeIgniter.php(832): App\Controllers\Product->detail('soft-ui', 'assets', 'css', 'nucleo-svg.css')
#6 E:\SEMESTER 6\Web Framework\uts\uts_web_framework\vendor\codeigniter4\framework\system\CodeIgniter.php(419): CodeIgniter\CodeIgniter->runController(Object(App\Controllers\Product))
#7 E:\SEMESTER 6\Web Framework\uts\uts_web_framework\vendor\codeigniter4\framework\system\CodeIgniter.php(326): CodeIgniter\CodeIgniter->handleRequest(NULL, Object(Config\Cache), false)
#8 E:\SEMESTER 6\Web Framework\uts\uts_web_framework\public\index.php(37): CodeIgniter\CodeIgniter->run()
#9 E:\SEMESTER 6\Web Framework\uts\uts_web_framework\vendor\codeigniter4\framework\system\Commands\Server\rewrite.php(43): require_once('E:\\SEMESTER 6\\W...')
#10 {main}
CRITICAL - 2022-04-27 23:39:32 --> Trying to access array offset on value of type null
#0 E:\SEMESTER 6\Web Framework\uts\uts_web_framework\app\Views\detail.php(11): CodeIgniter\Debug\Exceptions->errorHandler(2, 'Trying to acces...', 'E:\\SEMESTER 6\\W...', 11)
#1 E:\SEMESTER 6\Web Framework\uts\uts_web_framework\vendor\codeigniter4\framework\system\View\View.php(210): include('E:\\SEMESTER 6\\W...')
#2 E:\SEMESTER 6\Web Framework\uts\uts_web_framework\vendor\codeigniter4\framework\system\View\View.php(213): CodeIgniter\View\View->CodeIgniter\View\{closure}()
#3 E:\SEMESTER 6\Web Framework\uts\uts_web_framework\vendor\codeigniter4\framework\system\Common.php(1089): CodeIgniter\View\View->render('detail', Array, true)
#4 E:\SEMESTER 6\Web Framework\uts\uts_web_framework\app\Controllers\Product.php(29): view('detail', Array)
#5 E:\SEMESTER 6\Web Framework\uts\uts_web_framework\vendor\codeigniter4\framework\system\CodeIgniter.php(832): App\Controllers\Product->detail('soft-ui', 'assets', 'css', 'soft-ui-dashboa...')
#6 E:\SEMESTER 6\Web Framework\uts\uts_web_framework\vendor\codeigniter4\framework\system\CodeIgniter.php(419): CodeIgniter\CodeIgniter->runController(Object(App\Controllers\Product))
#7 E:\SEMESTER 6\Web Framework\uts\uts_web_framework\vendor\codeigniter4\framework\system\CodeIgniter.php(326): CodeIgniter\CodeIgniter->handleRequest(NULL, Object(Config\Cache), false)
#8 E:\SEMESTER 6\Web Framework\uts\uts_web_framework\public\index.php(37): CodeIgniter\CodeIgniter->run()
#9 E:\SEMESTER 6\Web Framework\uts\uts_web_framework\vendor\codeigniter4\framework\system\Commands\Server\rewrite.php(43): require_once('E:\\SEMESTER 6\\W...')
#10 {main}
CRITICAL - 2022-04-27 23:39:32 --> Trying to access array offset on value of type null
#0 E:\SEMESTER 6\Web Framework\uts\uts_web_framework\app\Views\detail.php(11): CodeIgniter\Debug\Exceptions->errorHandler(2, 'Trying to acces...', 'E:\\SEMESTER 6\\W...', 11)
#1 E:\SEMESTER 6\Web Framework\uts\uts_web_framework\vendor\codeigniter4\framework\system\View\View.php(210): include('E:\\SEMESTER 6\\W...')
#2 E:\SEMESTER 6\Web Framework\uts\uts_web_framework\vendor\codeigniter4\framework\system\View\View.php(213): CodeIgniter\View\View->CodeIgniter\View\{closure}()
#3 E:\SEMESTER 6\Web Framework\uts\uts_web_framework\vendor\codeigniter4\framework\system\Common.php(1089): CodeIgniter\View\View->render('detail', Array, true)
#4 E:\SEMESTER 6\Web Framework\uts\uts_web_framework\app\Controllers\Product.php(29): view('detail', Array)
#5 E:\SEMESTER 6\Web Framework\uts\uts_web_framework\vendor\codeigniter4\framework\system\CodeIgniter.php(832): App\Controllers\Product->detail('css', 'style.css')
#6 E:\SEMESTER 6\Web Framework\uts\uts_web_framework\vendor\codeigniter4\framework\system\CodeIgniter.php(419): CodeIgniter\CodeIgniter->runController(Object(App\Controllers\Product))
#7 E:\SEMESTER 6\Web Framework\uts\uts_web_framework\vendor\codeigniter4\framework\system\CodeIgniter.php(326): CodeIgniter\CodeIgniter->handleRequest(NULL, Object(Config\Cache), false)
#8 E:\SEMESTER 6\Web Framework\uts\uts_web_framework\public\index.php(37): CodeIgniter\CodeIgniter->run()
#9 E:\SEMESTER 6\Web Framework\uts\uts_web_framework\vendor\codeigniter4\framework\system\Commands\Server\rewrite.php(43): require_once('E:\\SEMESTER 6\\W...')
#10 {main}
CRITICAL - 2022-04-27 23:39:32 --> Trying to access array offset on value of type null
#0 E:\SEMESTER 6\Web Framework\uts\uts_web_framework\app\Views\detail.php(11): CodeIgniter\Debug\Exceptions->errorHandler(2, 'Trying to acces...', 'E:\\SEMESTER 6\\W...', 11)
#1 E:\SEMESTER 6\Web Framework\uts\uts_web_framework\vendor\codeigniter4\framework\system\View\View.php(210): include('E:\\SEMESTER 6\\W...')
#2 E:\SEMESTER 6\Web Framework\uts\uts_web_framework\vendor\codeigniter4\framework\system\View\View.php(213): CodeIgniter\View\View->CodeIgniter\View\{closure}()
#3 E:\SEMESTER 6\Web Framework\uts\uts_web_framework\vendor\codeigniter4\framework\system\Common.php(1089): CodeIgniter\View\View->render('detail', Array, true)
#4 E:\SEMESTER 6\Web Framework\uts\uts_web_framework\app\Controllers\Product.php(29): view('detail', Array)
#5 E:\SEMESTER 6\Web Framework\uts\uts_web_framework\vendor\codeigniter4\framework\system\CodeIgniter.php(832): App\Controllers\Product->detail('soft-ui', 'assets', 'js', 'core', 'popper.min.js')
#6 E:\SEMESTER 6\Web Framework\uts\uts_web_framework\vendor\codeigniter4\framework\system\CodeIgniter.php(419): CodeIgniter\CodeIgniter->runController(Object(App\Controllers\Product))
#7 E:\SEMESTER 6\Web Framework\uts\uts_web_framework\vendor\codeigniter4\framework\system\CodeIgniter.php(326): CodeIgniter\CodeIgniter->handleRequest(NULL, Object(Config\Cache), false)
#8 E:\SEMESTER 6\Web Framework\uts\uts_web_framework\public\index.php(37): CodeIgniter\CodeIgniter->run()
#9 E:\SEMESTER 6\Web Framework\uts\uts_web_framework\vendor\codeigniter4\framework\system\Commands\Server\rewrite.php(43): require_once('E:\\SEMESTER 6\\W...')
#10 {main}
CRITICAL - 2022-04-27 23:39:32 --> Trying to access array offset on value of type null
#0 E:\SEMESTER 6\Web Framework\uts\uts_web_framework\app\Views\detail.php(11): CodeIgniter\Debug\Exceptions->errorHandler(2, 'Trying to acces...', 'E:\\SEMESTER 6\\W...', 11)
#1 E:\SEMESTER 6\Web Framework\uts\uts_web_framework\vendor\codeigniter4\framework\system\View\View.php(210): include('E:\\SEMESTER 6\\W...')
#2 E:\SEMESTER 6\Web Framework\uts\uts_web_framework\vendor\codeigniter4\framework\system\View\View.php(213): CodeIgniter\View\View->CodeIgniter\View\{closure}()
#3 E:\SEMESTER 6\Web Framework\uts\uts_web_framework\vendor\codeigniter4\framework\system\Common.php(1089): CodeIgniter\View\View->render('detail', Array, true)
#4 E:\SEMESTER 6\Web Framework\uts\uts_web_framework\app\Controllers\Product.php(29): view('detail', Array)
#5 E:\SEMESTER 6\Web Framework\uts\uts_web_framework\vendor\codeigniter4\framework\system\CodeIgniter.php(832): App\Controllers\Product->detail('soft-ui', 'assets', 'js', 'core', 'bootstrap.min.j...')
#6 E:\SEMESTER 6\Web Framework\uts\uts_web_framework\vendor\codeigniter4\framework\system\CodeIgniter.php(419): CodeIgniter\CodeIgniter->runController(Object(App\Controllers\Product))
#7 E:\SEMESTER 6\Web Framework\uts\uts_web_framework\vendor\codeigniter4\framework\system\CodeIgniter.php(326): CodeIgniter\CodeIgniter->handleRequest(NULL, Object(Config\Cache), false)
#8 E:\SEMESTER 6\Web Framework\uts\uts_web_framework\public\index.php(37): CodeIgniter\CodeIgniter->run()
#9 E:\SEMESTER 6\Web Framework\uts\uts_web_framework\vendor\codeigniter4\framework\system\Commands\Server\rewrite.php(43): require_once('E:\\SEMESTER 6\\W...')
#10 {main}
CRITICAL - 2022-04-27 23:39:33 --> Trying to access array offset on value of type null
#0 E:\SEMESTER 6\Web Framework\uts\uts_web_framework\app\Views\detail.php(11): CodeIgniter\Debug\Exceptions->errorHandler(2, 'Trying to acces...', 'E:\\SEMESTER 6\\W...', 11)
#1 E:\SEMESTER 6\Web Framework\uts\uts_web_framework\vendor\codeigniter4\framework\system\View\View.php(210): include('E:\\SEMESTER 6\\W...')
#2 E:\SEMESTER 6\Web Framework\uts\uts_web_framework\vendor\codeigniter4\framework\system\View\View.php(213): CodeIgniter\View\View->CodeIgniter\View\{closure}()
#3 E:\SEMESTER 6\Web Framework\uts\uts_web_framework\vendor\codeigniter4\framework\system\Common.php(1089): CodeIgniter\View\View->render('detail', Array, true)
#4 E:\SEMESTER 6\Web Framework\uts\uts_web_framework\app\Controllers\Product.php(29): view('detail', Array)
#5 E:\SEMESTER 6\Web Framework\uts\uts_web_framework\vendor\codeigniter4\framework\system\CodeIgniter.php(832): App\Controllers\Product->detail('soft-ui', 'assets', 'css', 'nucleo-svg.css')
#6 E:\SEMESTER 6\Web Framework\uts\uts_web_framework\vendor\codeigniter4\framework\system\CodeIgniter.php(419): CodeIgniter\CodeIgniter->runController(Object(App\Controllers\Product))
#7 E:\SEMESTER 6\Web Framework\uts\uts_web_framework\vendor\codeigniter4\framework\system\CodeIgniter.php(326): CodeIgniter\CodeIgniter->handleRequest(NULL, Object(Config\Cache), false)
#8 E:\SEMESTER 6\Web Framework\uts\uts_web_framework\public\index.php(37): CodeIgniter\CodeIgniter->run()
#9 E:\SEMESTER 6\Web Framework\uts\uts_web_framework\vendor\codeigniter4\framework\system\Commands\Server\rewrite.php(43): require_once('E:\\SEMESTER 6\\W...')
#10 {main}
CRITICAL - 2022-04-27 23:39:33 --> Trying to access array offset on value of type null
#0 E:\SEMESTER 6\Web Framework\uts\uts_web_framework\app\Views\detail.php(11): CodeIgniter\Debug\Exceptions->errorHandler(2, 'Trying to acces...', 'E:\\SEMESTER 6\\W...', 11)
#1 E:\SEMESTER 6\Web Framework\uts\uts_web_framework\vendor\codeigniter4\framework\system\View\View.php(210): include('E:\\SEMESTER 6\\W...')
#2 E:\SEMESTER 6\Web Framework\uts\uts_web_framework\vendor\codeigniter4\framework\system\View\View.php(213): CodeIgniter\View\View->CodeIgniter\View\{closure}()
#3 E:\SEMESTER 6\Web Framework\uts\uts_web_framework\vendor\codeigniter4\framework\system\Common.php(1089): CodeIgniter\View\View->render('detail', Array, true)
#4 E:\SEMESTER 6\Web Framework\uts\uts_web_framework\app\Controllers\Product.php(29): view('detail', Array)
#5 E:\SEMESTER 6\Web Framework\uts\uts_web_framework\vendor\codeigniter4\framework\system\CodeIgniter.php(832): App\Controllers\Product->detail('soft-ui', 'assets', 'css', 'nucleo-icons.cs...')
#6 E:\SEMESTER 6\Web Framework\uts\uts_web_framework\vendor\codeigniter4\framework\system\CodeIgniter.php(419): CodeIgniter\CodeIgniter->runController(Object(App\Controllers\Product))
#7 E:\SEMESTER 6\Web Framework\uts\uts_web_framework\vendor\codeigniter4\framework\system\CodeIgniter.php(326): CodeIgniter\CodeIgniter->handleRequest(NULL, Object(Config\Cache), false)
#8 E:\SEMESTER 6\Web Framework\uts\uts_web_framework\public\index.php(37): CodeIgniter\CodeIgniter->run()
#9 E:\SEMESTER 6\Web Framework\uts\uts_web_framework\vendor\codeigniter4\framework\system\Commands\Server\rewrite.php(43): require_once('E:\\SEMESTER 6\\W...')
#10 {main}
CRITICAL - 2022-04-27 23:39:33 --> Trying to access array offset on value of type null
#0 E:\SEMESTER 6\Web Framework\uts\uts_web_framework\app\Views\detail.php(11): CodeIgniter\Debug\Exceptions->errorHandler(2, 'Trying to acces...', 'E:\\SEMESTER 6\\W...', 11)
#1 E:\SEMESTER 6\Web Framework\uts\uts_web_framework\vendor\codeigniter4\framework\system\View\View.php(210): include('E:\\SEMESTER 6\\W...')
#2 E:\SEMESTER 6\Web Framework\uts\uts_web_framework\vendor\codeigniter4\framework\system\View\View.php(213): CodeIgniter\View\View->CodeIgniter\View\{closure}()
#3 E:\SEMESTER 6\Web Framework\uts\uts_web_framework\vendor\codeigniter4\framework\system\Common.php(1089): CodeIgniter\View\View->render('detail', Array, true)
#4 E:\SEMESTER 6\Web Framework\uts\uts_web_framework\app\Controllers\Product.php(29): view('detail', Array)
#5 E:\SEMESTER 6\Web Framework\uts\uts_web_framework\vendor\codeigniter4\framework\system\CodeIgniter.php(832): App\Controllers\Product->detail('soft-ui', 'assets', 'js', 'plugins', 'perfect-scrollb...')
#6 E:\SEMESTER 6\Web Framework\uts\uts_web_framework\vendor\codeigniter4\framework\system\CodeIgniter.php(419): CodeIgniter\CodeIgniter->runController(Object(App\Controllers\Product))
#7 E:\SEMESTER 6\Web Framework\uts\uts_web_framework\vendor\codeigniter4\framework\system\CodeIgniter.php(326): CodeIgniter\CodeIgniter->handleRequest(NULL, Object(Config\Cache), false)
#8 E:\SEMESTER 6\Web Framework\uts\uts_web_framework\public\index.php(37): CodeIgniter\CodeIgniter->run()
#9 E:\SEMESTER 6\Web Framework\uts\uts_web_framework\vendor\codeigniter4\framework\system\Commands\Server\rewrite.php(43): require_once('E:\\SEMESTER 6\\W...')
#10 {main}
CRITICAL - 2022-04-27 23:39:33 --> Trying to access array offset on value of type null
#0 E:\SEMESTER 6\Web Framework\uts\uts_web_framework\app\Views\detail.php(11): CodeIgniter\Debug\Exceptions->errorHandler(2, 'Trying to acces...', 'E:\\SEMESTER 6\\W...', 11)
#1 E:\SEMESTER 6\Web Framework\uts\uts_web_framework\vendor\codeigniter4\framework\system\View\View.php(210): include('E:\\SEMESTER 6\\W...')
#2 E:\SEMESTER 6\Web Framework\uts\uts_web_framework\vendor\codeigniter4\framework\system\View\View.php(213): CodeIgniter\View\View->CodeIgniter\View\{closure}()
#3 E:\SEMESTER 6\Web Framework\uts\uts_web_framework\vendor\codeigniter4\framework\system\Common.php(1089): CodeIgniter\View\View->render('detail', Array, true)
#4 E:\SEMESTER 6\Web Framework\uts\uts_web_framework\app\Controllers\Product.php(29): view('detail', Array)
#5 E:\SEMESTER 6\Web Framework\uts\uts_web_framework\vendor\codeigniter4\framework\system\CodeIgniter.php(832): App\Controllers\Product->detail('soft-ui', 'assets', 'js', 'plugins', 'smooth-scrollba...')
#6 E:\SEMESTER 6\Web Framework\uts\uts_web_framework\vendor\codeigniter4\framework\system\CodeIgniter.php(419): CodeIgniter\CodeIgniter->runController(Object(App\Controllers\Product))
#7 E:\SEMESTER 6\Web Framework\uts\uts_web_framework\vendor\codeigniter4\framework\system\CodeIgniter.php(326): CodeIgniter\CodeIgniter->handleRequest(NULL, Object(Config\Cache), false)
#8 E:\SEMESTER 6\Web Framework\uts\uts_web_framework\public\index.php(37): CodeIgniter\CodeIgniter->run()
#9 E:\SEMESTER 6\Web Framework\uts\uts_web_framework\vendor\codeigniter4\framework\system\Commands\Server\rewrite.php(43): require_once('E:\\SEMESTER 6\\W...')
#10 {main}
CRITICAL - 2022-04-27 23:39:34 --> Trying to access array offset on value of type null
#0 E:\SEMESTER 6\Web Framework\uts\uts_web_framework\app\Views\detail.php(11): CodeIgniter\Debug\Exceptions->errorHandler(2, 'Trying to acces...', 'E:\\SEMESTER 6\\W...', 11)
#1 E:\SEMESTER 6\Web Framework\uts\uts_web_framework\vendor\codeigniter4\framework\system\View\View.php(210): include('E:\\SEMESTER 6\\W...')
#2 E:\SEMESTER 6\Web Framework\uts\uts_web_framework\vendor\codeigniter4\framework\system\View\View.php(213): CodeIgniter\View\View->CodeIgniter\View\{closure}()
#3 E:\SEMESTER 6\Web Framework\uts\uts_web_framework\vendor\codeigniter4\framework\system\Common.php(1089): CodeIgniter\View\View->render('detail', Array, true)
#4 E:\SEMESTER 6\Web Framework\uts\uts_web_framework\app\Controllers\Product.php(29): view('detail', Array)
#5 E:\SEMESTER 6\Web Framework\uts\uts_web_framework\vendor\codeigniter4\framework\system\CodeIgniter.php(832): App\Controllers\Product->detail('css', 'style.css')
#6 E:\SEMESTER 6\Web Framework\uts\uts_web_framework\vendor\codeigniter4\framework\system\CodeIgniter.php(419): CodeIgniter\CodeIgniter->runController(Object(App\Controllers\Product))
#7 E:\SEMESTER 6\Web Framework\uts\uts_web_framework\vendor\codeigniter4\framework\system\CodeIgniter.php(326): CodeIgniter\CodeIgniter->handleRequest(NULL, Object(Config\Cache), false)
#8 E:\SEMESTER 6\Web Framework\uts\uts_web_framework\public\index.php(37): CodeIgniter\CodeIgniter->run()
#9 E:\SEMESTER 6\Web Framework\uts\uts_web_framework\vendor\codeigniter4\framework\system\Commands\Server\rewrite.php(43): require_once('E:\\SEMESTER 6\\W...')
#10 {main}
CRITICAL - 2022-04-27 23:39:34 --> Trying to access array offset on value of type null
#0 E:\SEMESTER 6\Web Framework\uts\uts_web_framework\app\Views\detail.php(11): CodeIgniter\Debug\Exceptions->errorHandler(2, 'Trying to acces...', 'E:\\SEMESTER 6\\W...', 11)
#1 E:\SEMESTER 6\Web Framework\uts\uts_web_framework\vendor\codeigniter4\framework\system\View\View.php(210): include('E:\\SEMESTER 6\\W...')
#2 E:\SEMESTER 6\Web Framework\uts\uts_web_framework\vendor\codeigniter4\framework\system\View\View.php(213): CodeIgniter\View\View->CodeIgniter\View\{closure}()
#3 E:\SEMESTER 6\Web Framework\uts\uts_web_framework\vendor\codeigniter4\framework\system\Common.php(1089): CodeIgniter\View\View->render('detail', Array, true)
#4 E:\SEMESTER 6\Web Framework\uts\uts_web_framework\app\Controllers\Product.php(29): view('detail', Array)
#5 E:\SEMESTER 6\Web Framework\uts\uts_web_framework\vendor\codeigniter4\framework\system\CodeIgniter.php(832): App\Controllers\Product->detail('soft-ui', 'assets', 'css', 'soft-ui-dashboa...')
#6 E:\SEMESTER 6\Web Framework\uts\uts_web_framework\vendor\codeigniter4\framework\system\CodeIgniter.php(419): CodeIgniter\CodeIgniter->runController(Object(App\Controllers\Product))
#7 E:\SEMESTER 6\Web Framework\uts\uts_web_framework\vendor\codeigniter4\framework\system\CodeIgniter.php(326): CodeIgniter\CodeIgniter->handleRequest(NULL, Object(Config\Cache), false)
#8 E:\SEMESTER 6\Web Framework\uts\uts_web_framework\public\index.php(37): CodeIgniter\CodeIgniter->run()
#9 E:\SEMESTER 6\Web Framework\uts\uts_web_framework\vendor\codeigniter4\framework\system\Commands\Server\rewrite.php(43): require_once('E:\\SEMESTER 6\\W...')
#10 {main}
CRITICAL - 2022-04-27 23:39:34 --> Trying to access array offset on value of type null
#0 E:\SEMESTER 6\Web Framework\uts\uts_web_framework\app\Views\detail.php(11): CodeIgniter\Debug\Exceptions->errorHandler(2, 'Trying to acces...', 'E:\\SEMESTER 6\\W...', 11)
#1 E:\SEMESTER 6\Web Framework\uts\uts_web_framework\vendor\codeigniter4\framework\system\View\View.php(210): include('E:\\SEMESTER 6\\W...')
#2 E:\SEMESTER 6\Web Framework\uts\uts_web_framework\vendor\codeigniter4\framework\system\View\View.php(213): CodeIgniter\View\View->CodeIgniter\View\{closure}()
#3 E:\SEMESTER 6\Web Framework\uts\uts_web_framework\vendor\codeigniter4\framework\system\Common.php(1089): CodeIgniter\View\View->render('detail', Array, true)
#4 E:\SEMESTER 6\Web Framework\uts\uts_web_framework\app\Controllers\Product.php(29): view('detail', Array)
#5 E:\SEMESTER 6\Web Framework\uts\uts_web_framework\vendor\codeigniter4\framework\system\CodeIgniter.php(832): App\Controllers\Product->detail('soft-ui', 'assets', 'css', 'nucleo-svg.css')
#6 E:\SEMESTER 6\Web Framework\uts\uts_web_framework\vendor\codeigniter4\framework\system\CodeIgniter.php(419): CodeIgniter\CodeIgniter->runController(Object(App\Controllers\Product))
#7 E:\SEMESTER 6\Web Framework\uts\uts_web_framework\vendor\codeigniter4\framework\system\CodeIgniter.php(326): CodeIgniter\CodeIgniter->handleRequest(NULL, Object(Config\Cache), false)
#8 E:\SEMESTER 6\Web Framework\uts\uts_web_framework\public\index.php(37): CodeIgniter\CodeIgniter->run()
#9 E:\SEMESTER 6\Web Framework\uts\uts_web_framework\vendor\codeigniter4\framework\system\Commands\Server\rewrite.php(43): require_once('E:\\SEMESTER 6\\W...')
#10 {main}
CRITICAL - 2022-04-27 23:39:34 --> Trying to access array offset on value of type null
#0 E:\SEMESTER 6\Web Framework\uts\uts_web_framework\app\Views\detail.php(11): CodeIgniter\Debug\Exceptions->errorHandler(2, 'Trying to acces...', 'E:\\SEMESTER 6\\W...', 11)
#1 E:\SEMESTER 6\Web Framework\uts\uts_web_framework\vendor\codeigniter4\framework\system\View\View.php(210): include('E:\\SEMESTER 6\\W...')
#2 E:\SEMESTER 6\Web Framework\uts\uts_web_framework\vendor\codeigniter4\framework\system\View\View.php(213): CodeIgniter\View\View->CodeIgniter\View\{closure}()
#3 E:\SEMESTER 6\Web Framework\uts\uts_web_framework\vendor\codeigniter4\framework\system\Common.php(1089): CodeIgniter\View\View->render('detail', Array, true)
#4 E:\SEMESTER 6\Web Framework\uts\uts_web_framework\app\Controllers\Product.php(29): view('detail', Array)
#5 E:\SEMESTER 6\Web Framework\uts\uts_web_framework\vendor\codeigniter4\framework\system\CodeIgniter.php(832): App\Controllers\Product->detail('soft-ui', 'assets', 'js', 'plugins', 'chartjs.min.js')
#6 E:\SEMESTER 6\Web Framework\uts\uts_web_framework\vendor\codeigniter4\framework\system\CodeIgniter.php(419): CodeIgniter\CodeIgniter->runController(Object(App\Controllers\Product))
#7 E:\SEMESTER 6\Web Framework\uts\uts_web_framework\vendor\codeigniter4\framework\system\CodeIgniter.php(326): CodeIgniter\CodeIgniter->handleRequest(NULL, Object(Config\Cache), false)
#8 E:\SEMESTER 6\Web Framework\uts\uts_web_framework\public\index.php(37): CodeIgniter\CodeIgniter->run()
#9 E:\SEMESTER 6\Web Framework\uts\uts_web_framework\vendor\codeigniter4\framework\system\Commands\Server\rewrite.php(43): require_once('E:\\SEMESTER 6\\W...')
#10 {main}
CRITICAL - 2022-04-27 23:39:35 --> Trying to access array offset on value of type null
#0 E:\SEMESTER 6\Web Framework\uts\uts_web_framework\app\Views\detail.php(11): CodeIgniter\Debug\Exceptions->errorHandler(2, 'Trying to acces...', 'E:\\SEMESTER 6\\W...', 11)
#1 E:\SEMESTER 6\Web Framework\uts\uts_web_framework\vendor\codeigniter4\framework\system\View\View.php(210): include('E:\\SEMESTER 6\\W...')
#2 E:\SEMESTER 6\Web Framework\uts\uts_web_framework\vendor\codeigniter4\framework\system\View\View.php(213): CodeIgniter\View\View->CodeIgniter\View\{closure}()
#3 E:\SEMESTER 6\Web Framework\uts\uts_web_framework\vendor\codeigniter4\framework\system\Common.php(1089): CodeIgniter\View\View->render('detail', Array, true)
#4 E:\SEMESTER 6\Web Framework\uts\uts_web_framework\app\Controllers\Product.php(29): view('detail', Array)
#5 E:\SEMESTER 6\Web Framework\uts\uts_web_framework\vendor\codeigniter4\framework\system\CodeIgniter.php(832): App\Controllers\Product->detail('soft-ui', 'assets', 'js', 'soft-ui-dashboa...')
#6 E:\SEMESTER 6\Web Framework\uts\uts_web_framework\vendor\codeigniter4\framework\system\CodeIgniter.php(419): CodeIgniter\CodeIgniter->runController(Object(App\Controllers\Product))
#7 E:\SEMESTER 6\Web Framework\uts\uts_web_framework\vendor\codeigniter4\framework\system\CodeIgniter.php(326): CodeIgniter\CodeIgniter->handleRequest(NULL, Object(Config\Cache), false)
#8 E:\SEMESTER 6\Web Framework\uts\uts_web_framework\public\index.php(37): CodeIgniter\CodeIgniter->run()
#9 E:\SEMESTER 6\Web Framework\uts\uts_web_framework\vendor\codeigniter4\framework\system\Commands\Server\rewrite.php(43): require_once('E:\\SEMESTER 6\\W...')
#10 {main}
CRITICAL - 2022-04-27 23:39:35 --> Trying to access array offset on value of type null
#0 E:\SEMESTER 6\Web Framework\uts\uts_web_framework\app\Views\detail.php(11): CodeIgniter\Debug\Exceptions->errorHandler(2, 'Trying to acces...', 'E:\\SEMESTER 6\\W...', 11)
#1 E:\SEMESTER 6\Web Framework\uts\uts_web_framework\vendor\codeigniter4\framework\system\View\View.php(210): include('E:\\SEMESTER 6\\W...')
#2 E:\SEMESTER 6\Web Framework\uts\uts_web_framework\vendor\codeigniter4\framework\system\View\View.php(213): CodeIgniter\View\View->CodeIgniter\View\{closure}()
#3 E:\SEMESTER 6\Web Framework\uts\uts_web_framework\vendor\codeigniter4\framework\system\Common.php(1089): CodeIgniter\View\View->render('detail', Array, true)
#4 E:\SEMESTER 6\Web Framework\uts\uts_web_framework\app\Controllers\Product.php(29): view('detail', Array)
#5 E:\SEMESTER 6\Web Framework\uts\uts_web_framework\vendor\codeigniter4\framework\system\CodeIgniter.php(832): App\Controllers\Product->detail('assets', 'amd.jpg')
#6 E:\SEMESTER 6\Web Framework\uts\uts_web_framework\vendor\codeigniter4\framework\system\CodeIgniter.php(419): CodeIgniter\CodeIgniter->runController(Object(App\Controllers\Product))
#7 E:\SEMESTER 6\Web Framework\uts\uts_web_framework\vendor\codeigniter4\framework\system\CodeIgniter.php(326): CodeIgniter\CodeIgniter->handleRequest(NULL, Object(Config\Cache), false)
#8 E:\SEMESTER 6\Web Framework\uts\uts_web_framework\public\index.php(37): CodeIgniter\CodeIgniter->run()
#9 E:\SEMESTER 6\Web Framework\uts\uts_web_framework\vendor\codeigniter4\framework\system\Commands\Server\rewrite.php(43): require_once('E:\\SEMESTER 6\\W...')
#10 {main}
CRITICAL - 2022-04-27 23:39:35 --> Trying to access array offset on value of type null
#0 E:\SEMESTER 6\Web Framework\uts\uts_web_framework\app\Views\detail.php(11): CodeIgniter\Debug\Exceptions->errorHandler(2, 'Trying to acces...', 'E:\\SEMESTER 6\\W...', 11)
#1 E:\SEMESTER 6\Web Framework\uts\uts_web_framework\vendor\codeigniter4\framework\system\View\View.php(210): include('E:\\SEMESTER 6\\W...')
#2 E:\SEMESTER 6\Web Framework\uts\uts_web_framework\vendor\codeigniter4\framework\system\View\View.php(213): CodeIgniter\View\View->CodeIgniter\View\{closure}()
#3 E:\SEMESTER 6\Web Framework\uts\uts_web_framework\vendor\codeigniter4\framework\system\Common.php(1089): CodeIgniter\View\View->render('detail', Array, true)
#4 E:\SEMESTER 6\Web Framework\uts\uts_web_framework\app\Controllers\Product.php(29): view('detail', Array)
#5 E:\SEMESTER 6\Web Framework\uts\uts_web_framework\vendor\codeigniter4\framework\system\CodeIgniter.php(832): App\Controllers\Product->detail('assets', 'promobile.jpg')
#6 E:\SEMESTER 6\Web Framework\uts\uts_web_framework\vendor\codeigniter4\framework\system\CodeIgniter.php(419): CodeIgniter\CodeIgniter->runController(Object(App\Controllers\Product))
#7 E:\SEMESTER 6\Web Framework\uts\uts_web_framework\vendor\codeigniter4\framework\system\CodeIgniter.php(326): CodeIgniter\CodeIgniter->handleRequest(NULL, Object(Config\Cache), false)
#8 E:\SEMESTER 6\Web Framework\uts\uts_web_framework\public\index.php(37): CodeIgniter\CodeIgniter->run()
#9 E:\SEMESTER 6\Web Framework\uts\uts_web_framework\vendor\codeigniter4\framework\system\Commands\Server\rewrite.php(43): require_once('E:\\SEMESTER 6\\W...')
#10 {main}
CRITICAL - 2022-04-27 23:39:36 --> Trying to access array offset on value of type null
#0 E:\SEMESTER 6\Web Framework\uts\uts_web_framework\app\Views\detail.php(11): CodeIgniter\Debug\Exceptions->errorHandler(2, 'Trying to acces...', 'E:\\SEMESTER 6\\W...', 11)
#1 E:\SEMESTER 6\Web Framework\uts\uts_web_framework\vendor\codeigniter4\framework\system\View\View.php(210): include('E:\\SEMESTER 6\\W...')
#2 E:\SEMESTER 6\Web Framework\uts\uts_web_framework\vendor\codeigniter4\framework\system\View\View.php(213): CodeIgniter\View\View->CodeIgniter\View\{closure}()
#3 E:\SEMESTER 6\Web Framework\uts\uts_web_framework\vendor\codeigniter4\framework\system\Common.php(1089): CodeIgniter\View\View->render('detail', Array, true)
#4 E:\SEMESTER 6\Web Framework\uts\uts_web_framework\app\Controllers\Product.php(29): view('detail', Array)
#5 E:\SEMESTER 6\Web Framework\uts\uts_web_framework\vendor\codeigniter4\framework\system\CodeIgniter.php(832): App\Controllers\Product->detail('soft-ui', 'assets', 'js', 'core', 'popper.min.js')
#6 E:\SEMESTER 6\Web Framework\uts\uts_web_framework\vendor\codeigniter4\framework\system\CodeIgniter.php(419): CodeIgniter\CodeIgniter->runController(Object(App\Controllers\Product))
#7 E:\SEMESTER 6\Web Framework\uts\uts_web_framework\vendor\codeigniter4\framework\system\CodeIgniter.php(326): CodeIgniter\CodeIgniter->handleRequest(NULL, Object(Config\Cache), false)
#8 E:\SEMESTER 6\Web Framework\uts\uts_web_framework\public\index.php(37): CodeIgniter\CodeIgniter->run()
#9 E:\SEMESTER 6\Web Framework\uts\uts_web_framework\vendor\codeigniter4\framework\system\Commands\Server\rewrite.php(43): require_once('E:\\SEMESTER 6\\W...')
#10 {main}
CRITICAL - 2022-04-27 23:39:36 --> Trying to access array offset on value of type null
#0 E:\SEMESTER 6\Web Framework\uts\uts_web_framework\app\Views\detail.php(11): CodeIgniter\Debug\Exceptions->errorHandler(2, 'Trying to acces...', 'E:\\SEMESTER 6\\W...', 11)
#1 E:\SEMESTER 6\Web Framework\uts\uts_web_framework\vendor\codeigniter4\framework\system\View\View.php(210): include('E:\\SEMESTER 6\\W...')
#2 E:\SEMESTER 6\Web Framework\uts\uts_web_framework\vendor\codeigniter4\framework\system\View\View.php(213): CodeIgniter\View\View->CodeIgniter\View\{closure}()
#3 E:\SEMESTER 6\Web Framework\uts\uts_web_framework\vendor\codeigniter4\framework\system\Common.php(1089): CodeIgniter\View\View->render('detail', Array, true)
#4 E:\SEMESTER 6\Web Framework\uts\uts_web_framework\app\Controllers\Product.php(29): view('detail', Array)
#5 E:\SEMESTER 6\Web Framework\uts\uts_web_framework\vendor\codeigniter4\framework\system\CodeIgniter.php(832): App\Controllers\Product->detail('soft-ui', 'assets', 'js', 'core', 'bootstrap.min.j...')
#6 E:\SEMESTER 6\Web Framework\uts\uts_web_framework\vendor\codeigniter4\framework\system\CodeIgniter.php(419): CodeIgniter\CodeIgniter->runController(Object(App\Controllers\Product))
#7 E:\SEMESTER 6\Web Framework\uts\uts_web_framework\vendor\codeigniter4\framework\system\CodeIgniter.php(326): CodeIgniter\CodeIgniter->handleRequest(NULL, Object(Config\Cache), false)
#8 E:\SEMESTER 6\Web Framework\uts\uts_web_framework\public\index.php(37): CodeIgniter\CodeIgniter->run()
#9 E:\SEMESTER 6\Web Framework\uts\uts_web_framework\vendor\codeigniter4\framework\system\Commands\Server\rewrite.php(43): require_once('E:\\SEMESTER 6\\W...')
#10 {main}
CRITICAL - 2022-04-27 23:39:36 --> Trying to access array offset on value of type null
#0 E:\SEMESTER 6\Web Framework\uts\uts_web_framework\app\Views\detail.php(11): CodeIgniter\Debug\Exceptions->errorHandler(2, 'Trying to acces...', 'E:\\SEMESTER 6\\W...', 11)
#1 E:\SEMESTER 6\Web Framework\uts\uts_web_framework\vendor\codeigniter4\framework\system\View\View.php(210): include('E:\\SEMESTER 6\\W...')
#2 E:\SEMESTER 6\Web Framework\uts\uts_web_framework\vendor\codeigniter4\framework\system\View\View.php(213): CodeIgniter\View\View->CodeIgniter\View\{closure}()
#3 E:\SEMESTER 6\Web Framework\uts\uts_web_framework\vendor\codeigniter4\framework\system\Common.php(1089): CodeIgniter\View\View->render('detail', Array, true)
#4 E:\SEMESTER 6\Web Framework\uts\uts_web_framework\app\Controllers\Product.php(29): view('detail', Array)
#5 E:\SEMESTER 6\Web Framework\uts\uts_web_framework\vendor\codeigniter4\framework\system\CodeIgniter.php(832): App\Controllers\Product->detail('soft-ui', 'assets', 'js', 'plugins', 'perfect-scrollb...')
#6 E:\SEMESTER 6\Web Framework\uts\uts_web_framework\vendor\codeigniter4\framework\system\CodeIgniter.php(419): CodeIgniter\CodeIgniter->runController(Object(App\Controllers\Product))
#7 E:\SEMESTER 6\Web Framework\uts\uts_web_framework\vendor\codeigniter4\framework\system\CodeIgniter.php(326): CodeIgniter\CodeIgniter->handleRequest(NULL, Object(Config\Cache), false)
#8 E:\SEMESTER 6\Web Framework\uts\uts_web_framework\public\index.php(37): CodeIgniter\CodeIgniter->run()
#9 E:\SEMESTER 6\Web Framework\uts\uts_web_framework\vendor\codeigniter4\framework\system\Commands\Server\rewrite.php(43): require_once('E:\\SEMESTER 6\\W...')
#10 {main}
CRITICAL - 2022-04-27 23:39:36 --> Trying to access array offset on value of type null
#0 E:\SEMESTER 6\Web Framework\uts\uts_web_framework\app\Views\detail.php(11): CodeIgniter\Debug\Exceptions->errorHandler(2, 'Trying to acces...', 'E:\\SEMESTER 6\\W...', 11)
#1 E:\SEMESTER 6\Web Framework\uts\uts_web_framework\vendor\codeigniter4\framework\system\View\View.php(210): include('E:\\SEMESTER 6\\W...')
#2 E:\SEMESTER 6\Web Framework\uts\uts_web_framework\vendor\codeigniter4\framework\system\View\View.php(213): CodeIgniter\View\View->CodeIgniter\View\{closure}()
#3 E:\SEMESTER 6\Web Framework\uts\uts_web_framework\vendor\codeigniter4\framework\system\Common.php(1089): CodeIgniter\View\View->render('detail', Array, true)
#4 E:\SEMESTER 6\Web Framework\uts\uts_web_framework\app\Controllers\Product.php(29): view('detail', Array)
#5 E:\SEMESTER 6\Web Framework\uts\uts_web_framework\vendor\codeigniter4\framework\system\CodeIgniter.php(832): App\Controllers\Product->detail('soft-ui', 'assets', 'js', 'plugins', 'smooth-scrollba...')
#6 E:\SEMESTER 6\Web Framework\uts\uts_web_framework\vendor\codeigniter4\framework\system\CodeIgniter.php(419): CodeIgniter\CodeIgniter->runController(Object(App\Controllers\Product))
#7 E:\SEMESTER 6\Web Framework\uts\uts_web_framework\vendor\codeigniter4\framework\system\CodeIgniter.php(326): CodeIgniter\CodeIgniter->handleRequest(NULL, Object(Config\Cache), false)
#8 E:\SEMESTER 6\Web Framework\uts\uts_web_framework\public\index.php(37): CodeIgniter\CodeIgniter->run()
#9 E:\SEMESTER 6\Web Framework\uts\uts_web_framework\vendor\codeigniter4\framework\system\Commands\Server\rewrite.php(43): require_once('E:\\SEMESTER 6\\W...')
#10 {main}
CRITICAL - 2022-04-27 23:39:36 --> Trying to access array offset on value of type null
#0 E:\SEMESTER 6\Web Framework\uts\uts_web_framework\app\Views\detail.php(11): CodeIgniter\Debug\Exceptions->errorHandler(2, 'Trying to acces...', 'E:\\SEMESTER 6\\W...', 11)
#1 E:\SEMESTER 6\Web Framework\uts\uts_web_framework\vendor\codeigniter4\framework\system\View\View.php(210): include('E:\\SEMESTER 6\\W...')
#2 E:\SEMESTER 6\Web Framework\uts\uts_web_framework\vendor\codeigniter4\framework\system\View\View.php(213): CodeIgniter\View\View->CodeIgniter\View\{closure}()
#3 E:\SEMESTER 6\Web Framework\uts\uts_web_framework\vendor\codeigniter4\framework\system\Common.php(1089): CodeIgniter\View\View->render('detail', Array, true)
#4 E:\SEMESTER 6\Web Framework\uts\uts_web_framework\app\Controllers\Product.php(29): view('detail', Array)
#5 E:\SEMESTER 6\Web Framework\uts\uts_web_framework\vendor\codeigniter4\framework\system\CodeIgniter.php(832): App\Controllers\Product->detail('soft-ui', 'assets', 'js', 'plugins', 'chartjs.min.js')
#6 E:\SEMESTER 6\Web Framework\uts\uts_web_framework\vendor\codeigniter4\framework\system\CodeIgniter.php(419): CodeIgniter\CodeIgniter->runController(Object(App\Controllers\Product))
#7 E:\SEMESTER 6\Web Framework\uts\uts_web_framework\vendor\codeigniter4\framework\system\CodeIgniter.php(326): CodeIgniter\CodeIgniter->handleRequest(NULL, Object(Config\Cache), false)
#8 E:\SEMESTER 6\Web Framework\uts\uts_web_framework\public\index.php(37): CodeIgniter\CodeIgniter->run()
#9 E:\SEMESTER 6\Web Framework\uts\uts_web_framework\vendor\codeigniter4\framework\system\Commands\Server\rewrite.php(43): require_once('E:\\SEMESTER 6\\W...')
#10 {main}
CRITICAL - 2022-04-27 23:39:37 --> Trying to access array offset on value of type null
#0 E:\SEMESTER 6\Web Framework\uts\uts_web_framework\app\Views\detail.php(11): CodeIgniter\Debug\Exceptions->errorHandler(2, 'Trying to acces...', 'E:\\SEMESTER 6\\W...', 11)
#1 E:\SEMESTER 6\Web Framework\uts\uts_web_framework\vendor\codeigniter4\framework\system\View\View.php(210): include('E:\\SEMESTER 6\\W...')
#2 E:\SEMESTER 6\Web Framework\uts\uts_web_framework\vendor\codeigniter4\framework\system\View\View.php(213): CodeIgniter\View\View->CodeIgniter\View\{closure}()
#3 E:\SEMESTER 6\Web Framework\uts\uts_web_framework\vendor\codeigniter4\framework\system\Common.php(1089): CodeIgniter\View\View->render('detail', Array, true)
#4 E:\SEMESTER 6\Web Framework\uts\uts_web_framework\app\Controllers\Product.php(29): view('detail', Array)
#5 E:\SEMESTER 6\Web Framework\uts\uts_web_framework\vendor\codeigniter4\framework\system\CodeIgniter.php(832): App\Controllers\Product->detail('soft-ui', 'assets', 'js', 'soft-ui-dashboa...')
#6 E:\SEMESTER 6\Web Framework\uts\uts_web_framework\vendor\codeigniter4\framework\system\CodeIgniter.php(419): CodeIgniter\CodeIgniter->runController(Object(App\Controllers\Product))
#7 E:\SEMESTER 6\Web Framework\uts\uts_web_framework\vendor\codeigniter4\framework\system\CodeIgniter.php(326): CodeIgniter\CodeIgniter->handleRequest(NULL, Object(Config\Cache), false)
#8 E:\SEMESTER 6\Web Framework\uts\uts_web_framework\public\index.php(37): CodeIgniter\CodeIgniter->run()
#9 E:\SEMESTER 6\Web Framework\uts\uts_web_framework\vendor\codeigniter4\framework\system\Commands\Server\rewrite.php(43): require_once('E:\\SEMESTER 6\\W...')
#10 {main}
