CRITICAL - 2022-04-28 00:08:00 --> Undefined variable $Product Page
#0 E:\SEMESTER 6\Web Framework\uts\uts_web_framework\app\Views\template\navbar.php(8): CodeIgniter\Debug\Exceptions->errorHandler(2, 'Undefined varia...', 'E:\\SEMESTER 6\\W...', 8)
#1 E:\SEMESTER 6\Web Framework\uts\uts_web_framework\vendor\codeigniter4\framework\system\View\View.php(210): include('E:\\SEMESTER 6\\W...')
#2 E:\SEMESTER 6\Web Framework\uts\uts_web_framework\vendor\codeigniter4\framework\system\View\View.php(213): CodeIgniter\View\View->CodeIgniter\View\{closure}()
#3 E:\SEMESTER 6\Web Framework\uts\uts_web_framework\vendor\codeigniter4\framework\system\View\View.php(424): CodeIgniter\View\View->render('template/navbar', NULL, true)
#4 E:\SEMESTER 6\Web Framework\uts\uts_web_framework\app\Views\template\layout.php(36): CodeIgniter\View\View->include('template/navbar')
#5 E:\SEMESTER 6\Web Framework\uts\uts_web_framework\vendor\codeigniter4\framework\system\View\View.php(210): include('E:\\SEMESTER 6\\W...')
#6 E:\SEMESTER 6\Web Framework\uts\uts_web_framework\vendor\codeigniter4\framework\system\View\View.php(213): CodeIgniter\View\View->CodeIgniter\View\{closure}()
#7 E:\SEMESTER 6\Web Framework\uts\uts_web_framework\vendor\codeigniter4\framework\system\View\View.php(226): CodeIgniter\View\View->render('template/layout', Array, true)
#8 E:\SEMESTER 6\Web Framework\uts\uts_web_framework\vendor\codeigniter4\framework\system\Common.php(1089): CodeIgniter\View\View->render('product', Array, true)
#9 E:\SEMESTER 6\Web Framework\uts\uts_web_framework\app\Controllers\Product.php(21): view('product', Array)
#10 E:\SEMESTER 6\Web Framework\uts\uts_web_framework\vendor\codeigniter4\framework\system\CodeIgniter.php(832): App\Controllers\Product->index()
#11 E:\SEMESTER 6\Web Framework\uts\uts_web_framework\vendor\codeigniter4\framework\system\CodeIgniter.php(419): CodeIgniter\CodeIgniter->runController(Object(App\Controllers\Product))
#12 E:\SEMESTER 6\Web Framework\uts\uts_web_framework\vendor\codeigniter4\framework\system\CodeIgniter.php(326): CodeIgniter\CodeIgniter->handleRequest(NULL, Object(Config\Cache), false)
#13 E:\SEMESTER 6\Web Framework\uts\uts_web_framework\public\index.php(37): CodeIgniter\CodeIgniter->run()
#14 E:\SEMESTER 6\Web Framework\uts\uts_web_framework\vendor\codeigniter4\framework\system\Commands\Server\rewrite.php(43): require_once('E:\\SEMESTER 6\\W...')
#15 {main}
CRITICAL - 2022-04-28 00:08:11 --> Undefined variable $Product Page
#0 E:\SEMESTER 6\Web Framework\uts\uts_web_framework\app\Views\template\navbar.php(8): CodeIgniter\Debug\Exceptions->errorHandler(2, 'Undefined varia...', 'E:\\SEMESTER 6\\W...', 8)
#1 E:\SEMESTER 6\Web Framework\uts\uts_web_framework\vendor\codeigniter4\framework\system\View\View.php(210): include('E:\\SEMESTER 6\\W...')
#2 E:\SEMESTER 6\Web Framework\uts\uts_web_framework\vendor\codeigniter4\framework\system\View\View.php(213): CodeIgniter\View\View->CodeIgniter\View\{closure}()
#3 E:\SEMESTER 6\Web Framework\uts\uts_web_framework\vendor\codeigniter4\framework\system\View\View.php(424): CodeIgniter\View\View->render('template/navbar', NULL, true)
#4 E:\SEMESTER 6\Web Framework\uts\uts_web_framework\app\Views\template\layout.php(36): CodeIgniter\View\View->include('template/navbar')
#5 E:\SEMESTER 6\Web Framework\uts\uts_web_framework\vendor\codeigniter4\framework\system\View\View.php(210): include('E:\\SEMESTER 6\\W...')
#6 E:\SEMESTER 6\Web Framework\uts\uts_web_framework\vendor\codeigniter4\framework\system\View\View.php(213): CodeIgniter\View\View->CodeIgniter\View\{closure}()
#7 E:\SEMESTER 6\Web Framework\uts\uts_web_framework\vendor\codeigniter4\framework\system\View\View.php(226): CodeIgniter\View\View->render('template/layout', Array, true)
#8 E:\SEMESTER 6\Web Framework\uts\uts_web_framework\vendor\codeigniter4\framework\system\Common.php(1089): CodeIgniter\View\View->render('product', Array, true)
#9 E:\SEMESTER 6\Web Framework\uts\uts_web_framework\app\Controllers\Product.php(21): view('product', Array)
#10 E:\SEMESTER 6\Web Framework\uts\uts_web_framework\vendor\codeigniter4\framework\system\CodeIgniter.php(832): App\Controllers\Product->index()
#11 E:\SEMESTER 6\Web Framework\uts\uts_web_framework\vendor\codeigniter4\framework\system\CodeIgniter.php(419): CodeIgniter\CodeIgniter->runController(Object(App\Controllers\Product))
#12 E:\SEMESTER 6\Web Framework\uts\uts_web_framework\vendor\codeigniter4\framework\system\CodeIgniter.php(326): CodeIgniter\CodeIgniter->handleRequest(NULL, Object(Config\Cache), false)
#13 E:\SEMESTER 6\Web Framework\uts\uts_web_framework\public\index.php(37): CodeIgniter\CodeIgniter->run()
#14 E:\SEMESTER 6\Web Framework\uts\uts_web_framework\vendor\codeigniter4\framework\system\Commands\Server\rewrite.php(43): require_once('E:\\SEMESTER 6\\W...')
#15 {main}
CRITICAL - 2022-04-28 00:15:09 --> Undefined array key 0
#0 E:\SEMESTER 6\Web Framework\uts\uts_web_framework\app\Views\product.php(29): CodeIgniter\Debug\Exceptions->errorHandler(2, 'Undefined array...', 'E:\\SEMESTER 6\\W...', 29)
#1 E:\SEMESTER 6\Web Framework\uts\uts_web_framework\vendor\codeigniter4\framework\system\View\View.php(210): include('E:\\SEMESTER 6\\W...')
#2 E:\SEMESTER 6\Web Framework\uts\uts_web_framework\vendor\codeigniter4\framework\system\View\View.php(213): CodeIgniter\View\View->CodeIgniter\View\{closure}()
#3 E:\SEMESTER 6\Web Framework\uts\uts_web_framework\vendor\codeigniter4\framework\system\Common.php(1089): CodeIgniter\View\View->render('product', Array, true)
#4 E:\SEMESTER 6\Web Framework\uts\uts_web_framework\app\Controllers\Product.php(30): view('product', Array)
#5 E:\SEMESTER 6\Web Framework\uts\uts_web_framework\vendor\codeigniter4\framework\system\CodeIgniter.php(832): App\Controllers\Product->index()
#6 E:\SEMESTER 6\Web Framework\uts\uts_web_framework\vendor\codeigniter4\framework\system\CodeIgniter.php(419): CodeIgniter\CodeIgniter->runController(Object(App\Controllers\Product))
#7 E:\SEMESTER 6\Web Framework\uts\uts_web_framework\vendor\codeigniter4\framework\system\CodeIgniter.php(326): CodeIgniter\CodeIgniter->handleRequest(NULL, Object(Config\Cache), false)
#8 E:\SEMESTER 6\Web Framework\uts\uts_web_framework\public\index.php(37): CodeIgniter\CodeIgniter->run()
#9 E:\SEMESTER 6\Web Framework\uts\uts_web_framework\vendor\codeigniter4\framework\system\Commands\Server\rewrite.php(43): require_once('E:\\SEMESTER 6\\W...')
#10 {main}
CRITICAL - 2022-04-28 00:15:49 --> Undefined array key 0
#0 E:\SEMESTER 6\Web Framework\uts\uts_web_framework\app\Views\product.php(29): CodeIgniter\Debug\Exceptions->errorHandler(2, 'Undefined array...', 'E:\\SEMESTER 6\\W...', 29)
#1 E:\SEMESTER 6\Web Framework\uts\uts_web_framework\vendor\codeigniter4\framework\system\View\View.php(210): include('E:\\SEMESTER 6\\W...')
#2 E:\SEMESTER 6\Web Framework\uts\uts_web_framework\vendor\codeigniter4\framework\system\View\View.php(213): CodeIgniter\View\View->CodeIgniter\View\{closure}()
#3 E:\SEMESTER 6\Web Framework\uts\uts_web_framework\vendor\codeigniter4\framework\system\Common.php(1089): CodeIgniter\View\View->render('product', Array, true)
#4 E:\SEMESTER 6\Web Framework\uts\uts_web_framework\app\Controllers\Product.php(30): view('product', Array)
#5 E:\SEMESTER 6\Web Framework\uts\uts_web_framework\vendor\codeigniter4\framework\system\CodeIgniter.php(832): App\Controllers\Product->index()
#6 E:\SEMESTER 6\Web Framework\uts\uts_web_framework\vendor\codeigniter4\framework\system\CodeIgniter.php(419): CodeIgniter\CodeIgniter->runController(Object(App\Controllers\Product))
#7 E:\SEMESTER 6\Web Framework\uts\uts_web_framework\vendor\codeigniter4\framework\system\CodeIgniter.php(326): CodeIgniter\CodeIgniter->handleRequest(NULL, Object(Config\Cache), false)
#8 E:\SEMESTER 6\Web Framework\uts\uts_web_framework\public\index.php(37): CodeIgniter\CodeIgniter->run()
#9 E:\SEMESTER 6\Web Framework\uts\uts_web_framework\vendor\codeigniter4\framework\system\Commands\Server\rewrite.php(43): require_once('E:\\SEMESTER 6\\W...')
#10 {main}
CRITICAL - 2022-04-28 00:16:16 --> Undefined array key 2
#0 E:\SEMESTER 6\Web Framework\uts\uts_web_framework\app\Views\product.php(49): CodeIgniter\Debug\Exceptions->errorHandler(2, 'Undefined array...', 'E:\\SEMESTER 6\\W...', 49)
#1 E:\SEMESTER 6\Web Framework\uts\uts_web_framework\vendor\codeigniter4\framework\system\View\View.php(210): include('E:\\SEMESTER 6\\W...')
#2 E:\SEMESTER 6\Web Framework\uts\uts_web_framework\vendor\codeigniter4\framework\system\View\View.php(213): CodeIgniter\View\View->CodeIgniter\View\{closure}()
#3 E:\SEMESTER 6\Web Framework\uts\uts_web_framework\vendor\codeigniter4\framework\system\Common.php(1089): CodeIgniter\View\View->render('product', Array, true)
#4 E:\SEMESTER 6\Web Framework\uts\uts_web_framework\app\Controllers\Product.php(30): view('product', Array)
#5 E:\SEMESTER 6\Web Framework\uts\uts_web_framework\vendor\codeigniter4\framework\system\CodeIgniter.php(832): App\Controllers\Product->index()
#6 E:\SEMESTER 6\Web Framework\uts\uts_web_framework\vendor\codeigniter4\framework\system\CodeIgniter.php(419): CodeIgniter\CodeIgniter->runController(Object(App\Controllers\Product))
#7 E:\SEMESTER 6\Web Framework\uts\uts_web_framework\vendor\codeigniter4\framework\system\CodeIgniter.php(326): CodeIgniter\CodeIgniter->handleRequest(NULL, Object(Config\Cache), false)
#8 E:\SEMESTER 6\Web Framework\uts\uts_web_framework\public\index.php(37): CodeIgniter\CodeIgniter->run()
#9 E:\SEMESTER 6\Web Framework\uts\uts_web_framework\vendor\codeigniter4\framework\system\Commands\Server\rewrite.php(43): require_once('E:\\SEMESTER 6\\W...')
#10 {main}
CRITICAL - 2022-04-28 00:17:17 --> Undefined array key 6
#0 E:\SEMESTER 6\Web Framework\uts\uts_web_framework\app\Views\product.php(117): CodeIgniter\Debug\Exceptions->errorHandler(2, 'Undefined array...', 'E:\\SEMESTER 6\\W...', 117)
#1 E:\SEMESTER 6\Web Framework\uts\uts_web_framework\vendor\codeigniter4\framework\system\View\View.php(210): include('E:\\SEMESTER 6\\W...')
#2 E:\SEMESTER 6\Web Framework\uts\uts_web_framework\vendor\codeigniter4\framework\system\View\View.php(213): CodeIgniter\View\View->CodeIgniter\View\{closure}()
#3 E:\SEMESTER 6\Web Framework\uts\uts_web_framework\vendor\codeigniter4\framework\system\Common.php(1089): CodeIgniter\View\View->render('product', Array, true)
#4 E:\SEMESTER 6\Web Framework\uts\uts_web_framework\app\Controllers\Product.php(30): view('product', Array)
#5 E:\SEMESTER 6\Web Framework\uts\uts_web_framework\vendor\codeigniter4\framework\system\CodeIgniter.php(832): App\Controllers\Product->index()
#6 E:\SEMESTER 6\Web Framework\uts\uts_web_framework\vendor\codeigniter4\framework\system\CodeIgniter.php(419): CodeIgniter\CodeIgniter->runController(Object(App\Controllers\Product))
#7 E:\SEMESTER 6\Web Framework\uts\uts_web_framework\vendor\codeigniter4\framework\system\CodeIgniter.php(326): CodeIgniter\CodeIgniter->handleRequest(NULL, Object(Config\Cache), false)
#8 E:\SEMESTER 6\Web Framework\uts\uts_web_framework\public\index.php(37): CodeIgniter\CodeIgniter->run()
#9 E:\SEMESTER 6\Web Framework\uts\uts_web_framework\vendor\codeigniter4\framework\system\Commands\Server\rewrite.php(43): require_once('E:\\SEMESTER 6\\W...')
#10 {main}
CRITICAL - 2022-04-28 00:27:08 --> Undefined property: App\Controllers\Product::$ProductModel
#0 E:\SEMESTER 6\Web Framework\uts\uts_web_framework\app\Controllers\Product.php(22): CodeIgniter\Debug\Exceptions->errorHandler(2, 'Undefined prope...', 'E:\\SEMESTER 6\\W...', 22)
#1 E:\SEMESTER 6\Web Framework\uts\uts_web_framework\vendor\codeigniter4\framework\system\CodeIgniter.php(832): App\Controllers\Product->index()
#2 E:\SEMESTER 6\Web Framework\uts\uts_web_framework\vendor\codeigniter4\framework\system\CodeIgniter.php(419): CodeIgniter\CodeIgniter->runController(Object(App\Controllers\Product))
#3 E:\SEMESTER 6\Web Framework\uts\uts_web_framework\vendor\codeigniter4\framework\system\CodeIgniter.php(326): CodeIgniter\CodeIgniter->handleRequest(NULL, Object(Config\Cache), false)
#4 E:\SEMESTER 6\Web Framework\uts\uts_web_framework\public\index.php(37): CodeIgniter\CodeIgniter->run()
#5 E:\SEMESTER 6\Web Framework\uts\uts_web_framework\vendor\codeigniter4\framework\system\Commands\Server\rewrite.php(43): require_once('E:\\SEMESTER 6\\W...')
#6 {main}
CRITICAL - 2022-04-28 00:28:36 --> Undefined array key 2
#0 E:\SEMESTER 6\Web Framework\uts\uts_web_framework\app\Views\product.php(49): CodeIgniter\Debug\Exceptions->errorHandler(2, 'Undefined array...', 'E:\\SEMESTER 6\\W...', 49)
#1 E:\SEMESTER 6\Web Framework\uts\uts_web_framework\vendor\codeigniter4\framework\system\View\View.php(210): include('E:\\SEMESTER 6\\W...')
#2 E:\SEMESTER 6\Web Framework\uts\uts_web_framework\vendor\codeigniter4\framework\system\View\View.php(213): CodeIgniter\View\View->CodeIgniter\View\{closure}()
#3 E:\SEMESTER 6\Web Framework\uts\uts_web_framework\vendor\codeigniter4\framework\system\Common.php(1089): CodeIgniter\View\View->render('product', Array, true)
#4 E:\SEMESTER 6\Web Framework\uts\uts_web_framework\app\Controllers\Product.php(30): view('product', Array)
#5 E:\SEMESTER 6\Web Framework\uts\uts_web_framework\vendor\codeigniter4\framework\system\CodeIgniter.php(832): App\Controllers\Product->index()
#6 E:\SEMESTER 6\Web Framework\uts\uts_web_framework\vendor\codeigniter4\framework\system\CodeIgniter.php(419): CodeIgniter\CodeIgniter->runController(Object(App\Controllers\Product))
#7 E:\SEMESTER 6\Web Framework\uts\uts_web_framework\vendor\codeigniter4\framework\system\CodeIgniter.php(326): CodeIgniter\CodeIgniter->handleRequest(NULL, Object(Config\Cache), false)
#8 E:\SEMESTER 6\Web Framework\uts\uts_web_framework\public\index.php(37): CodeIgniter\CodeIgniter->run()
#9 E:\SEMESTER 6\Web Framework\uts\uts_web_framework\vendor\codeigniter4\framework\system\Commands\Server\rewrite.php(43): require_once('E:\\SEMESTER 6\\W...')
#10 {main}
CRITICAL - 2022-04-28 00:30:40 --> Undefined array key 2
#0 E:\SEMESTER 6\Web Framework\uts\uts_web_framework\app\Views\product.php(49): CodeIgniter\Debug\Exceptions->errorHandler(2, 'Undefined array...', 'E:\\SEMESTER 6\\W...', 49)
#1 E:\SEMESTER 6\Web Framework\uts\uts_web_framework\vendor\codeigniter4\framework\system\View\View.php(210): include('E:\\SEMESTER 6\\W...')
#2 E:\SEMESTER 6\Web Framework\uts\uts_web_framework\vendor\codeigniter4\framework\system\View\View.php(213): CodeIgniter\View\View->CodeIgniter\View\{closure}()
#3 E:\SEMESTER 6\Web Framework\uts\uts_web_framework\vendor\codeigniter4\framework\system\Common.php(1089): CodeIgniter\View\View->render('product', Array, true)
#4 E:\SEMESTER 6\Web Framework\uts\uts_web_framework\app\Controllers\Product.php(31): view('product', Array)
#5 E:\SEMESTER 6\Web Framework\uts\uts_web_framework\vendor\codeigniter4\framework\system\CodeIgniter.php(832): App\Controllers\Product->index()
#6 E:\SEMESTER 6\Web Framework\uts\uts_web_framework\vendor\codeigniter4\framework\system\CodeIgniter.php(419): CodeIgniter\CodeIgniter->runController(Object(App\Controllers\Product))
#7 E:\SEMESTER 6\Web Framework\uts\uts_web_framework\vendor\codeigniter4\framework\system\CodeIgniter.php(326): CodeIgniter\CodeIgniter->handleRequest(NULL, Object(Config\Cache), false)
#8 E:\SEMESTER 6\Web Framework\uts\uts_web_framework\public\index.php(37): CodeIgniter\CodeIgniter->run()
#9 E:\SEMESTER 6\Web Framework\uts\uts_web_framework\vendor\codeigniter4\framework\system\Commands\Server\rewrite.php(43): require_once('E:\\SEMESTER 6\\W...')
#10 {main}
CRITICAL - 2022-04-28 00:32:46 --> Undefined array key 2
#0 E:\SEMESTER 6\Web Framework\uts\uts_web_framework\app\Views\product.php(49): CodeIgniter\Debug\Exceptions->errorHandler(2, 'Undefined array...', 'E:\\SEMESTER 6\\W...', 49)
#1 E:\SEMESTER 6\Web Framework\uts\uts_web_framework\vendor\codeigniter4\framework\system\View\View.php(210): include('E:\\SEMESTER 6\\W...')
#2 E:\SEMESTER 6\Web Framework\uts\uts_web_framework\vendor\codeigniter4\framework\system\View\View.php(213): CodeIgniter\View\View->CodeIgniter\View\{closure}()
#3 E:\SEMESTER 6\Web Framework\uts\uts_web_framework\vendor\codeigniter4\framework\system\Common.php(1089): CodeIgniter\View\View->render('product', Array, true)
#4 E:\SEMESTER 6\Web Framework\uts\uts_web_framework\app\Controllers\Product.php(30): view('product', Array)
#5 E:\SEMESTER 6\Web Framework\uts\uts_web_framework\vendor\codeigniter4\framework\system\CodeIgniter.php(832): App\Controllers\Product->index()
#6 E:\SEMESTER 6\Web Framework\uts\uts_web_framework\vendor\codeigniter4\framework\system\CodeIgniter.php(419): CodeIgniter\CodeIgniter->runController(Object(App\Controllers\Product))
#7 E:\SEMESTER 6\Web Framework\uts\uts_web_framework\vendor\codeigniter4\framework\system\CodeIgniter.php(326): CodeIgniter\CodeIgniter->handleRequest(NULL, Object(Config\Cache), false)
#8 E:\SEMESTER 6\Web Framework\uts\uts_web_framework\public\index.php(37): CodeIgniter\CodeIgniter->run()
#9 E:\SEMESTER 6\Web Framework\uts\uts_web_framework\vendor\codeigniter4\framework\system\Commands\Server\rewrite.php(43): require_once('E:\\SEMESTER 6\\W...')
#10 {main}
CRITICAL - 2022-04-28 01:37:04 --> Undefined array key 4
#0 E:\SEMESTER 6\Web Framework\uts\uts_web_framework\app\Views\product.php(80): CodeIgniter\Debug\Exceptions->errorHandler(2, 'Undefined array...', 'E:\\SEMESTER 6\\W...', 80)
#1 E:\SEMESTER 6\Web Framework\uts\uts_web_framework\vendor\codeigniter4\framework\system\View\View.php(210): include('E:\\SEMESTER 6\\W...')
#2 E:\SEMESTER 6\Web Framework\uts\uts_web_framework\vendor\codeigniter4\framework\system\View\View.php(213): CodeIgniter\View\View->CodeIgniter\View\{closure}()
#3 E:\SEMESTER 6\Web Framework\uts\uts_web_framework\vendor\codeigniter4\framework\system\Common.php(1089): CodeIgniter\View\View->render('product', Array, true)
#4 E:\SEMESTER 6\Web Framework\uts\uts_web_framework\app\Controllers\Product.php(30): view('product', Array)
#5 E:\SEMESTER 6\Web Framework\uts\uts_web_framework\vendor\codeigniter4\framework\system\CodeIgniter.php(832): App\Controllers\Product->index()
#6 E:\SEMESTER 6\Web Framework\uts\uts_web_framework\vendor\codeigniter4\framework\system\CodeIgniter.php(419): CodeIgniter\CodeIgniter->runController(Object(App\Controllers\Product))
#7 E:\SEMESTER 6\Web Framework\uts\uts_web_framework\vendor\codeigniter4\framework\system\CodeIgniter.php(326): CodeIgniter\CodeIgniter->handleRequest(NULL, Object(Config\Cache), false)
#8 E:\SEMESTER 6\Web Framework\uts\uts_web_framework\public\index.php(37): CodeIgniter\CodeIgniter->run()
#9 E:\SEMESTER 6\Web Framework\uts\uts_web_framework\vendor\codeigniter4\framework\system\Commands\Server\rewrite.php(43): require_once('E:\\SEMESTER 6\\W...')
#10 {main}
CRITICAL - 2022-04-28 01:37:28 --> Undefined array key 12
#0 E:\SEMESTER 6\Web Framework\uts\uts_web_framework\app\Views\product.php(146): CodeIgniter\Debug\Exceptions->errorHandler(2, 'Undefined array...', 'E:\\SEMESTER 6\\W...', 146)
#1 E:\SEMESTER 6\Web Framework\uts\uts_web_framework\vendor\codeigniter4\framework\system\View\View.php(210): include('E:\\SEMESTER 6\\W...')
#2 E:\SEMESTER 6\Web Framework\uts\uts_web_framework\vendor\codeigniter4\framework\system\View\View.php(213): CodeIgniter\View\View->CodeIgniter\View\{closure}()
#3 E:\SEMESTER 6\Web Framework\uts\uts_web_framework\vendor\codeigniter4\framework\system\Common.php(1089): CodeIgniter\View\View->render('product', Array, true)
#4 E:\SEMESTER 6\Web Framework\uts\uts_web_framework\app\Controllers\Product.php(30): view('product', Array)
#5 E:\SEMESTER 6\Web Framework\uts\uts_web_framework\vendor\codeigniter4\framework\system\CodeIgniter.php(832): App\Controllers\Product->index()
#6 E:\SEMESTER 6\Web Framework\uts\uts_web_framework\vendor\codeigniter4\framework\system\CodeIgniter.php(419): CodeIgniter\CodeIgniter->runController(Object(App\Controllers\Product))
#7 E:\SEMESTER 6\Web Framework\uts\uts_web_framework\vendor\codeigniter4\framework\system\CodeIgniter.php(326): CodeIgniter\CodeIgniter->handleRequest(NULL, Object(Config\Cache), false)
#8 E:\SEMESTER 6\Web Framework\uts\uts_web_framework\public\index.php(37): CodeIgniter\CodeIgniter->run()
#9 E:\SEMESTER 6\Web Framework\uts\uts_web_framework\vendor\codeigniter4\framework\system\Commands\Server\rewrite.php(43): require_once('E:\\SEMESTER 6\\W...')
#10 {main}
CRITICAL - 2022-04-28 01:38:54 --> Undefined array key 3
#0 E:\SEMESTER 6\Web Framework\uts\uts_web_framework\app\Views\product.php(70): CodeIgniter\Debug\Exceptions->errorHandler(2, 'Undefined array...', 'E:\\SEMESTER 6\\W...', 70)
#1 E:\SEMESTER 6\Web Framework\uts\uts_web_framework\vendor\codeigniter4\framework\system\View\View.php(210): include('E:\\SEMESTER 6\\W...')
#2 E:\SEMESTER 6\Web Framework\uts\uts_web_framework\vendor\codeigniter4\framework\system\View\View.php(213): CodeIgniter\View\View->CodeIgniter\View\{closure}()
#3 E:\SEMESTER 6\Web Framework\uts\uts_web_framework\vendor\codeigniter4\framework\system\Common.php(1089): CodeIgniter\View\View->render('product', Array, true)
#4 E:\SEMESTER 6\Web Framework\uts\uts_web_framework\app\Controllers\Product.php(30): view('product', Array)
#5 E:\SEMESTER 6\Web Framework\uts\uts_web_framework\vendor\codeigniter4\framework\system\CodeIgniter.php(832): App\Controllers\Product->index()
#6 E:\SEMESTER 6\Web Framework\uts\uts_web_framework\vendor\codeigniter4\framework\system\CodeIgniter.php(419): CodeIgniter\CodeIgniter->runController(Object(App\Controllers\Product))
#7 E:\SEMESTER 6\Web Framework\uts\uts_web_framework\vendor\codeigniter4\framework\system\CodeIgniter.php(326): CodeIgniter\CodeIgniter->handleRequest(NULL, Object(Config\Cache), false)
#8 E:\SEMESTER 6\Web Framework\uts\uts_web_framework\public\index.php(37): CodeIgniter\CodeIgniter->run()
#9 E:\SEMESTER 6\Web Framework\uts\uts_web_framework\vendor\codeigniter4\framework\system\Commands\Server\rewrite.php(43): require_once('E:\\SEMESTER 6\\W...')
#10 {main}
